<?xml version="1.0" encoding="UTF-8"?>
<!-- Generated by org.testng.reporters.JUnitReportReporter -->
<testsuite hostname="DESKTOP-I7GH3LQ" failures="0" tests="1" name="com.nopcommerce.testlayer.RegisterPageTest" time="85.876" errors="0" timestamp="2023-08-19T12:14:33 IST" skipped="0">
  <testcase classname="com.nopcommerce.testlayer.RegisterPageTest" name="verifyTheRegisterPageFunctionality" time="85.876"/>
  <system-out/>
</testsuite> <!-- com.nopcommerce.testlayer.RegisterPageTest -->
